timestamp: 394551155025291, price: 993.182, quantity: 314, buyer_order_id: 3, seller_order_id: 2
timestamp: 394551208179875, price: 994.663, quantity: 550, buyer_order_id: 3, seller_order_id: 4
timestamp: 394551315299791, price: 999.731, quantity: 102, buyer_order_id: 6, seller_order_id: 1
timestamp: 394551315308875, price: 1004.81, quantity: 806, buyer_order_id: 6, seller_order_id: 5
timestamp: 394551478327708, price: 1000.89, quantity: 814, buyer_order_id: 9, seller_order_id: 7
timestamp: 394551530620708, price: 1000.89, quantity: 32, buyer_order_id: 10, seller_order_id: 7
timestamp: 394551640958666, price: 1000.51, quantity: 462, buyer_order_id: 8, seller_order_id: 12
timestamp: 394551695998291, price: 1000.51, quantity: 327, buyer_order_id: 8, seller_order_id: 13
timestamp: 394551913432875, price: 1003.24, quantity: 125, buyer_order_id: 16, seller_order_id: 17
timestamp: 394551913446958, price: 1000.51, quantity: 79, buyer_order_id: 8, seller_order_id: 17
timestamp: 394551967535916, price: 1000.51, quantity: 42, buyer_order_id: 8, seller_order_id: 18
timestamp: 394552022755083, price: 999.231, quantity: 101, buyer_order_id: 19, seller_order_id: 18
timestamp: 394552075467833, price: 995.505, quantity: 271, buyer_order_id: 14, seller_order_id: 20
timestamp: 394552237970041, price: 993.675, quantity: 786, buyer_order_id: 23, seller_order_id: 22
timestamp: 394552237977916, price: 1000.66, quantity: 129, buyer_order_id: 23, seller_order_id: 21
timestamp: 394552340926541, price: 1000.66, quantity: 111, buyer_order_id: 25, seller_order_id: 21
timestamp: 394552396139708, price: 1000.66, quantity: 366, buyer_order_id: 26, seller_order_id: 21
timestamp: 394552396147208, price: 1003.82, quantity: 221, buyer_order_id: 26, seller_order_id: 24
timestamp: 394552450878666, price: 1005.88, quantity: 359, buyer_order_id: 26, seller_order_id: 27
timestamp: 394552560147250, price: 1005.88, quantity: 37, buyer_order_id: 26, seller_order_id: 29
timestamp: 394552829024791, price: 1002.71, quantity: 222, buyer_order_id: 33, seller_order_id: 34
timestamp: 394552938394375, price: 1003.26, quantity: 62, buyer_order_id: 35, seller_order_id: 36
timestamp: 394552989003666, price: 1003.26, quantity: 290, buyer_order_id: 35, seller_order_id: 37
timestamp: 394553044068916, price: 1003.26, quantity: 31, buyer_order_id: 35, seller_order_id: 38
timestamp: 394553044156583, price: 1002.71, quantity: 289, buyer_order_id: 33, seller_order_id: 38
timestamp: 394553098374166, price: 998.193, quantity: 476, buyer_order_id: 39, seller_order_id: 38
timestamp: 394553152826666, price: 998.193, quantity: 127, buyer_order_id: 40, seller_order_id: 38
timestamp: 394553207866083, price: 1004.9, quantity: 53, buyer_order_id: 40, seller_order_id: 41
timestamp: 394553477562500, price: 997.557, quantity: 78, buyer_order_id: 44, seller_order_id: 46
timestamp: 394553801300291, price: 1002.97, quantity: 566, buyer_order_id: 52, seller_order_id: 51
timestamp: 394554120975625, price: 992.742, quantity: 503, buyer_order_id: 54, seller_order_id: 58
timestamp: 394554280045375, price: 994.4, quantity: 399, buyer_order_id: 61, seller_order_id: 57
timestamp: 394554599912208, price: 994.4, quantity: 139, buyer_order_id: 67, seller_order_id: 57
timestamp: 394554655079000, price: 994.4, quantity: 147, buyer_order_id: 68, seller_order_id: 57
timestamp: 394554655083833, price: 997.942, quantity: 269, buyer_order_id: 68, seller_order_id: 65
timestamp: 394554655086375, price: 999.414, quantity: 19, buyer_order_id: 68, seller_order_id: 55
timestamp: 394554655088166, price: 1000.9, quantity: 20, buyer_order_id: 68, seller_order_id: 53
timestamp: 394554870697958, price: 993.462, quantity: 25, buyer_order_id: 72, seller_order_id: 71
timestamp: 394554975921833, price: 993.462, quantity: 170, buyer_order_id: 74, seller_order_id: 71
timestamp: 394554975930625, price: 1000.9, quantity: 79, buyer_order_id: 74, seller_order_id: 53
timestamp: 394555028008833, price: 1000.9, quantity: 235, buyer_order_id: 75, seller_order_id: 53
timestamp: 394555134368958, price: 997.704, quantity: 68, buyer_order_id: 76, seller_order_id: 77
timestamp: 394555238407291, price: 997.704, quantity: 549, buyer_order_id: 76, seller_order_id: 79
timestamp: 394555293466416, price: 999.9, quantity: 307, buyer_order_id: 80, seller_order_id: 78
timestamp: 394555348621041, price: 999.9, quantity: 152, buyer_order_id: 81, seller_order_id: 78
timestamp: 394555403600250, price: 999.9, quantity: 104, buyer_order_id: 82, seller_order_id: 78
timestamp: 394555403608916, price: 1000.9, quantity: 18, buyer_order_id: 82, seller_order_id: 53
timestamp: 394555403610625, price: 1001.36, quantity: 586, buyer_order_id: 82, seller_order_id: 59
timestamp: 394555403612333, price: 1001.95, quantity: 220, buyer_order_id: 82, seller_order_id: 63
timestamp: 394555506959625, price: 999.022, quantity: 494, buyer_order_id: 84, seller_order_id: 83
timestamp: 394555668913791, price: 993.589, quantity: 564, buyer_order_id: 86, seller_order_id: 87
timestamp: 394555724131791, price: 999.022, quantity: 295, buyer_order_id: 88, seller_order_id: 83
timestamp: 394555724140875, price: 1001.95, quantity: 344, buyer_order_id: 88, seller_order_id: 63
timestamp: 394555940833291, price: 994.895, quantity: 260, buyer_order_id: 92, seller_order_id: 90
timestamp: 394556100714708, price: 994.279, quantity: 129, buyer_order_id: 95, seller_order_id: 93
timestamp: 394556259245625, price: 994.279, quantity: 468, buyer_order_id: 98, seller_order_id: 93
timestamp: 394556259264083, price: 994.895, quantity: 105, buyer_order_id: 98, seller_order_id: 90
timestamp: 394557060172375, price: 994.895, quantity: 348, buyer_order_id: 113, seller_order_id: 90
timestamp: 394557060186625, price: 995.019, quantity: 483, buyer_order_id: 113, seller_order_id: 100
timestamp: 394557112398250, price: 995.019, quantity: 1, buyer_order_id: 114, seller_order_id: 100
timestamp: 394557218044041, price: 995.019, quantity: 100, buyer_order_id: 116, seller_order_id: 100
timestamp: 394557272767875, price: 995.019, quantity: 371, buyer_order_id: 117, seller_order_id: 100
timestamp: 394557272774458, price: 996.222, quantity: 121, buyer_order_id: 117, seller_order_id: 109
timestamp: 394557382109208, price: 996.222, quantity: 272, buyer_order_id: 119, seller_order_id: 109
timestamp: 394557434665875, price: 996.222, quantity: 397, buyer_order_id: 120, seller_order_id: 109
timestamp: 394557434677250, price: 999.024, quantity: 361, buyer_order_id: 120, seller_order_id: 99
timestamp: 394557543303583, price: 999.024, quantity: 460, buyer_order_id: 122, seller_order_id: 99
timestamp: 394557543318708, price: 999.506, quantity: 211, buyer_order_id: 122, seller_order_id: 103
timestamp: 394557596714708, price: 999.506, quantity: 208, buyer_order_id: 123, seller_order_id: 103
timestamp: 394557596723625, price: 1000.69, quantity: 26, buyer_order_id: 123, seller_order_id: 110
timestamp: 394557651339958, price: 1000.69, quantity: 502, buyer_order_id: 124, seller_order_id: 110
timestamp: 394557651353083, price: 1001.64, quantity: 263, buyer_order_id: 124, seller_order_id: 105
timestamp: 394557761632916, price: 1001.38, quantity: 711, buyer_order_id: 125, seller_order_id: 126
timestamp: 394557816924166, price: 997.201, quantity: 7, buyer_order_id: 127, seller_order_id: 126
timestamp: 394557816933208, price: 1001.64, quantity: 505, buyer_order_id: 127, seller_order_id: 105
timestamp: 394557867249541, price: 1001.64, quantity: 100, buyer_order_id: 128, seller_order_id: 105
timestamp: 394557867261291, price: 1001.95, quantity: 302, buyer_order_id: 128, seller_order_id: 63
timestamp: 394558024005500, price: 1001.95, quantity: 19, buyer_order_id: 131, seller_order_id: 63
timestamp: 394558024017666, price: 1002.97, quantity: 95, buyer_order_id: 131, seller_order_id: 51
timestamp: 394558024023000, price: 1002.98, quantity: 69, buyer_order_id: 131, seller_order_id: 102
timestamp: 394558024027791, price: 1005.06, quantity: 252, buyer_order_id: 131, seller_order_id: 104
timestamp: 394558079332541, price: 995.093, quantity: 160, buyer_order_id: 130, seller_order_id: 132
timestamp: 394558184237541, price: 997.205, quantity: 715, buyer_order_id: 133, seller_order_id: 134
timestamp: 394558239463125, price: 1005.06, quantity: 576, buyer_order_id: 135, seller_order_id: 104
timestamp: 394558239472666, price: 1008.8, quantity: 175, buyer_order_id: 135, seller_order_id: 85
timestamp: 394558401288541, price: 1008.8, quantity: 95, buyer_order_id: 138, seller_order_id: 85
timestamp: 394558455005875, price: 1008.8, quantity: 291, buyer_order_id: 139, seller_order_id: 85
timestamp: 394558560783166, price: 1008.8, quantity: 238, buyer_order_id: 141, seller_order_id: 85
timestamp: 394558615485375, price: 1008.8, quantity: 183, buyer_order_id: 142, seller_order_id: 85
timestamp: 394558615495875, price: 1009, quantity: 575, buyer_order_id: 142, seller_order_id: 56
timestamp: 394558615500083, price: 1011.77, quantity: 34, buyer_order_id: 142, seller_order_id: 96
timestamp: 394558778871750, price: 1009.85, quantity: 784, buyer_order_id: 143, seller_order_id: 145
timestamp: 394558829755708, price: 1009.85, quantity: 143, buyer_order_id: 143, seller_order_id: 146
timestamp: 394558829764125, price: 998.971, quantity: 9, buyer_order_id: 144, seller_order_id: 146
timestamp: 394558935910416, price: 998.971, quantity: 225, buyer_order_id: 144, seller_order_id: 148
timestamp: 394558991110625, price: 1006.34, quantity: 855, buyer_order_id: 149, seller_order_id: 147
timestamp: 394559098147500, price: 989.901, quantity: 503, buyer_order_id: 150, seller_order_id: 151
timestamp: 394559151172833, price: 989.901, quantity: 240, buyer_order_id: 150, seller_order_id: 152
timestamp: 394559474055250, price: 994.491, quantity: 33, buyer_order_id: 158, seller_order_id: 156
timestamp: 394559525139625, price: 995.937, quantity: 856, buyer_order_id: 158, seller_order_id: 159
timestamp: 394559686144583, price: 1001.75, quantity: 32, buyer_order_id: 162, seller_order_id: 157
timestamp: 394559686155916, price: 1002.94, quantity: 373, buyer_order_id: 162, seller_order_id: 161
timestamp: 394559848313583, price: 1002.94, quantity: 549, buyer_order_id: 165, seller_order_id: 161
timestamp: 394559848324541, price: 1004.41, quantity: 288, buyer_order_id: 165, seller_order_id: 153
timestamp: 394559903537750, price: 1004.41, quantity: 111, buyer_order_id: 166, seller_order_id: 153
timestamp: 394560013889875, price: 1001.54, quantity: 328, buyer_order_id: 167, seller_order_id: 168
timestamp: 394560013900458, price: 993.493, quantity: 72, buyer_order_id: 164, seller_order_id: 168
timestamp: 394560064803375, price: 1004.41, quantity: 88, buyer_order_id: 169, seller_order_id: 153
timestamp: 394560173696250, price: 1004.41, quantity: 435, buyer_order_id: 171, seller_order_id: 153
timestamp: 394560173708375, price: 1005.32, quantity: 254, buyer_order_id: 171, seller_order_id: 160
timestamp: 394560173737000, price: 1005.95, quantity: 105, buyer_order_id: 171, seller_order_id: 155
timestamp: 394560173742416, price: 1006.34, quantity: 35, buyer_order_id: 171, seller_order_id: 147
timestamp: 394560173745041, price: 1011.77, quantity: 70, buyer_order_id: 171, seller_order_id: 96
timestamp: 394560332236916, price: 1003.45, quantity: 638, buyer_order_id: 172, seller_order_id: 174
timestamp: 394560550885250, price: 1002.08, quantity: 590, buyer_order_id: 176, seller_order_id: 178
timestamp: 394560656311291, price: 999.142, quantity: 485, buyer_order_id: 179, seller_order_id: 180
timestamp: 394560656316291, price: 997.427, quantity: 450, buyer_order_id: 175, seller_order_id: 180
timestamp: 394560709622708, price: 997.427, quantity: 389, buyer_order_id: 175, seller_order_id: 181
timestamp: 394560709635000, price: 997.202, quantity: 56, buyer_order_id: 170, seller_order_id: 181
timestamp: 394560763890500, price: 997.202, quantity: 25, buyer_order_id: 170, seller_order_id: 182
timestamp: 394560763900541, price: 996.161, quantity: 155, buyer_order_id: 173, seller_order_id: 182
timestamp: 394560763902208, price: 993.493, quantity: 77, buyer_order_id: 164, seller_order_id: 182
timestamp: 394560818024875, price: 990.989, quantity: 373, buyer_order_id: 183, seller_order_id: 182
timestamp: 394560818035208, price: 1000.91, quantity: 101, buyer_order_id: 183, seller_order_id: 178
timestamp: 394560818037375, price: 1002.63, quantity: 82, buyer_order_id: 183, seller_order_id: 174
timestamp: 394560873249916, price: 1002.63, quantity: 31, buyer_order_id: 184, seller_order_id: 174
timestamp: 394560927052208, price: 1002.63, quantity: 100, buyer_order_id: 185, seller_order_id: 174
timestamp: 394561088419958, price: 1002.63, quantity: 89, buyer_order_id: 188, seller_order_id: 174
timestamp: 394561088431458, price: 1006.53, quantity: 37, buyer_order_id: 188, seller_order_id: 177
timestamp: 394561249632208, price: 997.438, quantity: 494, buyer_order_id: 191, seller_order_id: 190
timestamp: 394561301307208, price: 996.707, quantity: 308, buyer_order_id: 187, seller_order_id: 192
timestamp: 394561354155666, price: 997.438, quantity: 371, buyer_order_id: 193, seller_order_id: 190
timestamp: 394561354164291, price: 997.77, quantity: 221, buyer_order_id: 193, seller_order_id: 189
timestamp: 394561460796750, price: 997.77, quantity: 33, buyer_order_id: 195, seller_order_id: 189
timestamp: 394561569811666, price: 997.558, quantity: 844, buyer_order_id: 197, seller_order_id: 196
timestamp: 394561569817416, price: 997.77, quantity: 123, buyer_order_id: 197, seller_order_id: 189
timestamp: 394561675869833, price: 997.77, quantity: 470, buyer_order_id: 199, seller_order_id: 189
timestamp: 394561782468208, price: 995.884, quantity: 386, buyer_order_id: 198, seller_order_id: 201
timestamp: 394561782479291, price: 995.511, quantity: 417, buyer_order_id: 194, seller_order_id: 201
timestamp: 394561837447125, price: 997.77, quantity: 103, buyer_order_id: 202, seller_order_id: 189
timestamp: 394561837457208, price: 998.402, quantity: 101, buyer_order_id: 202, seller_order_id: 200
timestamp: 394561891112125, price: 998.402, quantity: 174, buyer_order_id: 203, seller_order_id: 200
timestamp: 394561891122166, price: 1006.53, quantity: 434, buyer_order_id: 203, seller_order_id: 177
timestamp: 394562154208541, price: 992.585, quantity: 505, buyer_order_id: 208, seller_order_id: 204
timestamp: 394562205336250, price: 995.74, quantity: 95, buyer_order_id: 208, seller_order_id: 209
timestamp: 394562309945333, price: 999.285, quantity: 300, buyer_order_id: 211, seller_order_id: 206
timestamp: 394562417272375, price: 995.74, quantity: 110, buyer_order_id: 208, seller_order_id: 213
timestamp: 394562417282583, price: 995.365, quantity: 57, buyer_order_id: 210, seller_order_id: 213
timestamp: 394562468420208, price: 999.285, quantity: 602, buyer_order_id: 214, seller_order_id: 206
timestamp: 394562468430416, price: 1006.53, quantity: 31, buyer_order_id: 214, seller_order_id: 177
timestamp: 394562468432208, price: 1009.88, quantity: 332, buyer_order_id: 214, seller_order_id: 212
timestamp: 394562628741541, price: 1002.35, quantity: 30, buyer_order_id: 217, seller_order_id: 216
timestamp: 394562784964750, price: 1009.88, quantity: 217, buyer_order_id: 220, seller_order_id: 212
timestamp: 394562784976291, price: 1011.77, quantity: 579, buyer_order_id: 220, seller_order_id: 96
timestamp: 394562835338625, price: 1007.61, quantity: 200, buyer_order_id: 217, seller_order_id: 221
timestamp: 394562835350291, price: 1005.58, quantity: 107, buyer_order_id: 218, seller_order_id: 221
timestamp: 394562937029750, price: 1011.77, quantity: 313, buyer_order_id: 223, seller_order_id: 96
timestamp: 394563303727083, price: 1005.58, quantity: 657, buyer_order_id: 218, seller_order_id: 230
timestamp: 394563405557708, price: 1005.58, quantity: 180, buyer_order_id: 218, seller_order_id: 232
timestamp: 394563405569791, price: 1002.49, quantity: 202, buyer_order_id: 227, seller_order_id: 232
timestamp: 394563563548750, price: 1002.49, quantity: 470, buyer_order_id: 227, seller_order_id: 235
timestamp: 394563563556833, price: 1001.26, quantity: 60, buyer_order_id: 219, seller_order_id: 235
timestamp: 394563778270541, price: 1001.26, quantity: 337, buyer_order_id: 219, seller_order_id: 239
timestamp: 394563778277500, price: 1000.98, quantity: 280, buyer_order_id: 225, seller_order_id: 239
timestamp: 394563778279416, price: 1000.33, quantity: 324, buyer_order_id: 229, seller_order_id: 239
timestamp: 394563832790416, price: 1000.33, quantity: 69, buyer_order_id: 229, seller_order_id: 240
timestamp: 394563941244208, price: 1000.33, quantity: 576, buyer_order_id: 229, seller_order_id: 242
timestamp: 394563941256708, price: 999.481, quantity: 258, buyer_order_id: 222, seller_order_id: 242
timestamp: 394564155009041, price: 999.481, quantity: 622, buyer_order_id: 222, seller_order_id: 246
timestamp: 394564155023750, price: 999.36, quantity: 46, buyer_order_id: 233, seller_order_id: 246
timestamp: 394564260667875, price: 1006.08, quantity: 356, buyer_order_id: 248, seller_order_id: 247
timestamp: 394564313607166, price: 1006.08, quantity: 84, buyer_order_id: 249, seller_order_id: 247
timestamp: 394564313615208, price: 1006.56, quantity: 454, buyer_order_id: 249, seller_order_id: 244
timestamp: 394564471742541, price: 1004.05, quantity: 503, buyer_order_id: 251, seller_order_id: 252
timestamp: 394564526977041, price: 1000.43, quantity: 262, buyer_order_id: 250, seller_order_id: 253
timestamp: 394564581287708, price: 1000.43, quantity: 236, buyer_order_id: 250, seller_order_id: 254
timestamp: 394564632726333, price: 1001.25, quantity: 389, buyer_order_id: 255, seller_order_id: 252
timestamp: 394564687433041, price: 1003.8, quantity: 43, buyer_order_id: 255, seller_order_id: 256
timestamp: 394564687444875, price: 1000.43, quantity: 33, buyer_order_id: 250, seller_order_id: 256
timestamp: 394564687449666, price: 999.36, quantity: 178, buyer_order_id: 233, seller_order_id: 256
timestamp: 394564687454208, price: 995.806, quantity: 18, buyer_order_id: 228, seller_order_id: 256
timestamp: 394564738644375, price: 995.806, quantity: 262, buyer_order_id: 228, seller_order_id: 257
timestamp: 394564791810750, price: 995.631, quantity: 258, buyer_order_id: 258, seller_order_id: 257
timestamp: 394564791816416, price: 1006.56, quantity: 35, buyer_order_id: 258, seller_order_id: 244
timestamp: 394564896467500, price: 1010.79, quantity: 78, buyer_order_id: 259, seller_order_id: 260
timestamp: 394564951682083, price: 1007.3, quantity: 28, buyer_order_id: 261, seller_order_id: 260
timestamp: 394565055097791, price: 995.311, quantity: 899, buyer_order_id: 234, seller_order_id: 263
timestamp: 394565108424333, price: 995.311, quantity: 92, buyer_order_id: 234, seller_order_id: 264
timestamp: 394565108434458, price: 995.3, quantity: 575, buyer_order_id: 245, seller_order_id: 264
timestamp: 394565217107541, price: 1001.61, quantity: 496, buyer_order_id: 266, seller_order_id: 262
timestamp: 394565270427666, price: 1001.61, quantity: 128, buyer_order_id: 267, seller_order_id: 262
timestamp: 394565270437375, price: 1007.3, quantity: 105, buyer_order_id: 267, seller_order_id: 260
timestamp: 394565434262333, price: 1001.54, quantity: 156, buyer_order_id: 269, seller_order_id: 270
timestamp: 394565539404833, price: 997.968, quantity: 544, buyer_order_id: 271, seller_order_id: 272
timestamp: 394565594665250, price: 1006.88, quantity: 734, buyer_order_id: 273, seller_order_id: 268
timestamp: 394566021889000, price: 990.876, quantity: 270, buyer_order_id: 280, seller_order_id: 281
timestamp: 394566076371625, price: 997.944, quantity: 74, buyer_order_id: 282, seller_order_id: 278
timestamp: 394566130110208, price: 997.944, quantity: 111, buyer_order_id: 283, seller_order_id: 278
timestamp: 394566238518083, price: 997.944, quantity: 354, buyer_order_id: 285, seller_order_id: 278
timestamp: 394566292567208, price: 990.28, quantity: 13, buyer_order_id: 284, seller_order_id: 286
timestamp: 394566346889041, price: 997.944, quantity: 312, buyer_order_id: 287, seller_order_id: 278
timestamp: 394566346894250, price: 999.224, quantity: 352, buyer_order_id: 287, seller_order_id: 277
timestamp: 394566400656125, price: 1000.39, quantity: 713, buyer_order_id: 288, seller_order_id: 275
timestamp: 394566400661416, price: 1006.88, quantity: 3, buyer_order_id: 288, seller_order_id: 268
timestamp: 394566400663333, price: 1007.3, quantity: 77, buyer_order_id: 288, seller_order_id: 260
timestamp: 394566563455083, price: 999.427, quantity: 230, buyer_order_id: 287, seller_order_id: 291
timestamp: 394566563463708, price: 997.449, quantity: 295, buyer_order_id: 290, seller_order_id: 291
timestamp: 394566670421166, price: 1002.23, quantity: 122, buyer_order_id: 293, seller_order_id: 289
timestamp: 394566670432208, price: 1005.55, quantity: 96, buyer_order_id: 293, seller_order_id: 292
timestamp: 394566939382416, price: 989.948, quantity: 793, buyer_order_id: 298, seller_order_id: 296
timestamp: 394566939390291, price: 998.165, quantity: 106, buyer_order_id: 298, seller_order_id: 297
timestamp: 394566939394041, price: 998.621, quantity: 39, buyer_order_id: 298, seller_order_id: 294
timestamp: 394567045759000, price: 998.621, quantity: 84, buyer_order_id: 300, seller_order_id: 294
timestamp: 394567045772083, price: 999.582, quantity: 154, buyer_order_id: 300, seller_order_id: 299
timestamp: 394567045775625, price: 1003.15, quantity: 241, buyer_order_id: 300, seller_order_id: 295
timestamp: 394567045802166, price: 1005.55, quantity: 5, buyer_order_id: 300, seller_order_id: 292
timestamp: 394567045804000, price: 1007.3, quantity: 192, buyer_order_id: 300, seller_order_id: 260
timestamp: 394567262805083, price: 999.015, quantity: 306, buyer_order_id: 304, seller_order_id: 302
timestamp: 394567262809916, price: 999.719, quantity: 116, buyer_order_id: 304, seller_order_id: 303
timestamp: 394567262811541, price: 1007.3, quantity: 9, buyer_order_id: 304, seller_order_id: 260
timestamp: 394567530031208, price: 1002, quantity: 77, buyer_order_id: 306, seller_order_id: 309
timestamp: 394567584545000, price: 1007.3, quantity: 12, buyer_order_id: 310, seller_order_id: 260
timestamp: 394567743579000, price: 1005.02, quantity: 26, buyer_order_id: 312, seller_order_id: 313
timestamp: 394567743592250, price: 1003.22, quantity: 158, buyer_order_id: 311, seller_order_id: 313
timestamp: 394567849453083, price: 1003.22, quantity: 666, buyer_order_id: 311, seller_order_id: 315
timestamp: 394568009222000, price: 1003.22, quantity: 101, buyer_order_id: 311, seller_order_id: 318
timestamp: 394568063437500, price: 1002, quantity: 805, buyer_order_id: 306, seller_order_id: 319
timestamp: 394568169847291, price: 1002.26, quantity: 121, buyer_order_id: 321, seller_order_id: 318
timestamp: 394568539658458, price: 1003.93, quantity: 98, buyer_order_id: 326, seller_order_id: 328
timestamp: 394568594809583, price: 1003.93, quantity: 228, buyer_order_id: 326, seller_order_id: 329
timestamp: 394568647786416, price: 1003.82, quantity: 76, buyer_order_id: 321, seller_order_id: 330
timestamp: 394568702198500, price: 1003.85, quantity: 3, buyer_order_id: 331, seller_order_id: 329
timestamp: 394568810696250, price: 1003.82, quantity: 41, buyer_order_id: 321, seller_order_id: 333
timestamp: 394568865499250, price: 1003.82, quantity: 554, buyer_order_id: 321, seller_order_id: 334
timestamp: 394568865508500, price: 1002, quantity: 35, buyer_order_id: 306, seller_order_id: 334
timestamp: 394568865511916, price: 1001.81, quantity: 118, buyer_order_id: 332, seller_order_id: 334
timestamp: 394569022103541, price: 1001.81, quantity: 97, buyer_order_id: 332, seller_order_id: 337
timestamp: 394569022130625, price: 1000.66, quantity: 61, buyer_order_id: 305, seller_order_id: 337
timestamp: 394569127035666, price: 1000.66, quantity: 98, buyer_order_id: 305, seller_order_id: 339
timestamp: 394569341344375, price: 1000.66, quantity: 586, buyer_order_id: 305, seller_order_id: 343
timestamp: 394569341357708, price: 1000.15, quantity: 382, buyer_order_id: 335, seller_order_id: 343
timestamp: 394569610559041, price: 1005.61, quantity: 671, buyer_order_id: 346, seller_order_id: 348
timestamp: 394569662886708, price: 1005.61, quantity: 79, buyer_order_id: 346, seller_order_id: 349
timestamp: 394569662899583, price: 1000.15, quantity: 388, buyer_order_id: 335, seller_order_id: 349
timestamp: 394569662902541, price: 1000.05, quantity: 90, buyer_order_id: 338, seller_order_id: 349
timestamp: 394569662905291, price: 998.494, quantity: 41, buyer_order_id: 341, seller_order_id: 349
timestamp: 394569662906333, price: 998.029, quantity: 45, buyer_order_id: 340, seller_order_id: 349
timestamp: 394569662910041, price: 997.71, quantity: 325, buyer_order_id: 308, seller_order_id: 349
timestamp: 394569717549750, price: 997.71, quantity: 176, buyer_order_id: 308, seller_order_id: 350
timestamp: 394569717554541, price: 997.158, quantity: 542, buyer_order_id: 317, seller_order_id: 350
timestamp: 394569717556708, price: 996.607, quantity: 34, buyer_order_id: 314, seller_order_id: 350
timestamp: 394569767738000, price: 996.607, quantity: 233, buyer_order_id: 314, seller_order_id: 351
timestamp: 394569821702375, price: 996.607, quantity: 263, buyer_order_id: 314, seller_order_id: 352
timestamp: 394569876697833, price: 996.607, quantity: 49, buyer_order_id: 314, seller_order_id: 353
timestamp: 394569876717583, price: 995.719, quantity: 281, buyer_order_id: 345, seller_order_id: 353
timestamp: 394569876721291, price: 995.646, quantity: 279, buyer_order_id: 323, seller_order_id: 353
timestamp: 394569876723750, price: 995.452, quantity: 101, buyer_order_id: 316, seller_order_id: 353
timestamp: 394569876724708, price: 994.435, quantity: 74, buyer_order_id: 307, seller_order_id: 353
timestamp: 394570038346250, price: 994.435, quantity: 280, buyer_order_id: 307, seller_order_id: 356
timestamp: 394570146671500, price: 994.435, quantity: 17, buyer_order_id: 307, seller_order_id: 358
timestamp: 394570415637250, price: 1004.32, quantity: 205, buyer_order_id: 362, seller_order_id: 363
timestamp: 394570469241083, price: 1006.1, quantity: 568, buyer_order_id: 364, seller_order_id: 361
timestamp: 394570576304458, price: 1004.32, quantity: 316, buyer_order_id: 362, seller_order_id: 366
timestamp: 394570736790291, price: 1004.32, quantity: 473, buyer_order_id: 362, seller_order_id: 369
timestamp: 394570736804541, price: 994.435, quantity: 21, buyer_order_id: 307, seller_order_id: 369
timestamp: 394570791871541, price: 994.435, quantity: 291, buyer_order_id: 307, seller_order_id: 370
timestamp: 394570791877000, price: 993.07, quantity: 171, buyer_order_id: 320, seller_order_id: 370
timestamp: 394570901000291, price: 993.07, quantity: 250, buyer_order_id: 320, seller_order_id: 372
timestamp: 394571163409875, price: 1003.87, quantity: 413, buyer_order_id: 376, seller_order_id: 377
timestamp: 394571163419125, price: 998.398, quantity: 492, buyer_order_id: 373, seller_order_id: 377
timestamp: 394571324997583, price: 998.398, quantity: 178, buyer_order_id: 373, seller_order_id: 380
timestamp: 394571325009708, price: 994.597, quantity: 290, buyer_order_id: 375, seller_order_id: 380
timestamp: 394571325012416, price: 993.07, quantity: 358, buyer_order_id: 320, seller_order_id: 380
timestamp: 394571485048666, price: 996.71, quantity: 240, buyer_order_id: 383, seller_order_id: 382
timestamp: 394571645503875, price: 996.71, quantity: 7, buyer_order_id: 386, seller_order_id: 382
timestamp: 394571645513791, price: 997.092, quantity: 258, buyer_order_id: 386, seller_order_id: 381
timestamp: 394571645516666, price: 998.565, quantity: 238, buyer_order_id: 386, seller_order_id: 379
timestamp: 394571750853958, price: 996.857, quantity: 394, buyer_order_id: 387, seller_order_id: 388
timestamp: 394571855044666, price: 1009.31, quantity: 328, buyer_order_id: 389, seller_order_id: 390
timestamp: 394571962271583, price: 1009.31, quantity: 292, buyer_order_id: 389, seller_order_id: 392
timestamp: 394572015995041, price: 1009.31, quantity: 151, buyer_order_id: 389, seller_order_id: 393
timestamp: 394572016005083, price: 994.174, quantity: 606, buyer_order_id: 391, seller_order_id: 393
timestamp: 394572122205291, price: 994.174, quantity: 292, buyer_order_id: 391, seller_order_id: 395
timestamp: 394572665824125, price: 996.822, quantity: 652, buyer_order_id: 405, seller_order_id: 397
timestamp: 394572822465875, price: 990.612, quantity: 199, buyer_order_id: 408, seller_order_id: 406
timestamp: 394572822474958, price: 996.822, quantity: 237, buyer_order_id: 408, seller_order_id: 397
timestamp: 394572877701833, price: 996.822, quantity: 20, buyer_order_id: 409, seller_order_id: 397
timestamp: 394572877712875, price: 1001.13, quantity: 321, buyer_order_id: 409, seller_order_id: 404
timestamp: 394572932304541, price: 1001.13, quantity: 156, buyer_order_id: 410, seller_order_id: 404
timestamp: 394573096649625, price: 1003.55, quantity: 462, buyer_order_id: 412, seller_order_id: 413
timestamp: 394573313230666, price: 996.49, quantity: 606, buyer_order_id: 417, seller_order_id: 415
timestamp: 394573366794833, price: 996.49, quantity: 153, buyer_order_id: 418, seller_order_id: 415
timestamp: 394573422000541, price: 1002.92, quantity: 137, buyer_order_id: 419, seller_order_id: 414
timestamp: 394573472802416, price: 1002.92, quantity: 181, buyer_order_id: 420, seller_order_id: 414
timestamp: 394573527417583, price: 1001.98, quantity: 204, buyer_order_id: 418, seller_order_id: 421
timestamp: 394573634008000, price: 1002.92, quantity: 12, buyer_order_id: 423, seller_order_id: 414
timestamp: 394573689228166, price: 1001.98, quantity: 35, buyer_order_id: 418, seller_order_id: 424
timestamp: 394573689240166, price: 996.699, quantity: 19, buyer_order_id: 422, seller_order_id: 424
timestamp: 394574007132541, price: 999.214, quantity: 542, buyer_order_id: 428, seller_order_id: 430
timestamp: 394574061276666, price: 1003.62, quantity: 170, buyer_order_id: 431, seller_order_id: 429
timestamp: 394574061287625, price: 1004.31, quantity: 397, buyer_order_id: 431, seller_order_id: 426
timestamp: 394574168102916, price: 999.214, quantity: 46, buyer_order_id: 428, seller_order_id: 433
timestamp: 394574222742958, price: 1000.9, quantity: 205, buyer_order_id: 434, seller_order_id: 432
timestamp: 394574222752791, price: 1004.31, quantity: 468, buyer_order_id: 434, seller_order_id: 426
timestamp: 394574277163208, price: 999.214, quantity: 366, buyer_order_id: 428, seller_order_id: 435
timestamp: 394574331400833, price: 989.001, quantity: 364, buyer_order_id: 436, seller_order_id: 435
timestamp: 394574438669708, price: 989.001, quantity: 242, buyer_order_id: 438, seller_order_id: 435
timestamp: 394574438677833, price: 1003.37, quantity: 386, buyer_order_id: 438, seller_order_id: 437
timestamp: 394574492537375, price: 1003.37, quantity: 496, buyer_order_id: 439, seller_order_id: 437
timestamp: 394574811370916, price: 997.676, quantity: 141, buyer_order_id: 444, seller_order_id: 445
timestamp: 394574863412041, price: 996.958, quantity: 421, buyer_order_id: 446, seller_order_id: 445
timestamp: 394574918146708, price: 1005.04, quantity: 162, buyer_order_id: 447, seller_order_id: 441
timestamp: 394574973338916, price: 998.786, quantity: 73, buyer_order_id: 446, seller_order_id: 448
timestamp: 394575082188458, price: 1001.23, quantity: 646, buyer_order_id: 450, seller_order_id: 449
timestamp: 394575082201291, price: 1005.04, quantity: 219, buyer_order_id: 450, seller_order_id: 441
timestamp: 394575191413208, price: 1002.3, quantity: 786, buyer_order_id: 452, seller_order_id: 451
timestamp: 394575298299541, price: 1002.3, quantity: 89, buyer_order_id: 454, seller_order_id: 451
timestamp: 394575350857000, price: 1002.3, quantity: 18, buyer_order_id: 455, seller_order_id: 451
timestamp: 394575350865291, price: 1005.04, quantity: 60, buyer_order_id: 455, seller_order_id: 441
timestamp: 394575516133791, price: 996.987, quantity: 589, buyer_order_id: 458, seller_order_id: 456
timestamp: 394575516145208, price: 997.605, quantity: 31, buyer_order_id: 458, seller_order_id: 457
timestamp: 394575675834916, price: 998.161, quantity: 397, buyer_order_id: 461, seller_order_id: 460
timestamp: 394575675845250, price: 999.305, quantity: 339, buyer_order_id: 461, seller_order_id: 459
timestamp: 394575729588916, price: 999.305, quantity: 257, buyer_order_id: 462, seller_order_id: 459
timestamp: 394575935935250, price: 1005.99, quantity: 392, buyer_order_id: 463, seller_order_id: 466
timestamp: 394576042520000, price: 1005.99, quantity: 353, buyer_order_id: 463, seller_order_id: 468
timestamp: 394576042533083, price: 1003.22, quantity: 540, buyer_order_id: 464, seller_order_id: 468
timestamp: 394576256266791, price: 1003.22, quantity: 169, buyer_order_id: 464, seller_order_id: 472
timestamp: 394576256280666, price: 999.901, quantity: 154, buyer_order_id: 465, seller_order_id: 472
timestamp: 394576256284541, price: 987.685, quantity: 548, buyer_order_id: 469, seller_order_id: 472
timestamp: 394576363809500, price: 1005.13, quantity: 71, buyer_order_id: 473, seller_order_id: 474
timestamp: 394576526462666, price: 1007.67, quantity: 686, buyer_order_id: 476, seller_order_id: 477
timestamp: 394576581680625, price: 1007.67, quantity: 93, buyer_order_id: 476, seller_order_id: 478
timestamp: 394576581690041, price: 1005.13, quantity: 422, buyer_order_id: 473, seller_order_id: 478
timestamp: 394576636183958, price: 997.902, quantity: 395, buyer_order_id: 479, seller_order_id: 478
timestamp: 394576798183125, price: 1004.22, quantity: 454, buyer_order_id: 481, seller_order_id: 482
timestamp: 394576852025375, price: 1004.22, quantity: 451, buyer_order_id: 481, seller_order_id: 483
timestamp: 394576905551416, price: 997.65, quantity: 340, buyer_order_id: 484, seller_order_id: 483
timestamp: 394577284684625, price: 987.685, quantity: 117, buyer_order_id: 469, seller_order_id: 491
timestamp: 394577447659375, price: 990.057, quantity: 334, buyer_order_id: 494, seller_order_id: 489
timestamp: 394577608997250, price: 990.057, quantity: 437, buyer_order_id: 497, seller_order_id: 489
timestamp: 394577609007416, price: 993.825, quantity: 531, buyer_order_id: 497, seller_order_id: 496
timestamp: 394577871758000, price: 993.825, quantity: 155, buyer_order_id: 502, seller_order_id: 496
timestamp: 394577871767458, price: 1001.08, quantity: 241, buyer_order_id: 502, seller_order_id: 487
timestamp: 394578084674375, price: 1000.35, quantity: 362, buyer_order_id: 505, seller_order_id: 506
timestamp: 394578084684833, price: 1000.17, quantity: 359, buyer_order_id: 503, seller_order_id: 506
timestamp: 394578138287708, price: 1000.4, quantity: 69, buyer_order_id: 507, seller_order_id: 504
timestamp: 394578193033958, price: 1000.4, quantity: 90, buyer_order_id: 508, seller_order_id: 504
timestamp: 394578300827083, price: 1000.17, quantity: 40, buyer_order_id: 503, seller_order_id: 510
timestamp: 394578351871875, price: 1000.17, quantity: 246, buyer_order_id: 503, seller_order_id: 511
timestamp: 394578406760708, price: 1000.4, quantity: 508, buyer_order_id: 512, seller_order_id: 504
timestamp: 394578459249500, price: 1000.17, quantity: 272, buyer_order_id: 503, seller_order_id: 513
timestamp: 394578563454125, price: 997.121, quantity: 189, buyer_order_id: 515, seller_order_id: 513
timestamp: 394578563461000, price: 1000.4, quantity: 9, buyer_order_id: 515, seller_order_id: 504
timestamp: 394578563462916, price: 1001.08, quantity: 464, buyer_order_id: 515, seller_order_id: 487
timestamp: 394578563464791, price: 1002.35, quantity: 76, buyer_order_id: 515, seller_order_id: 514
timestamp: 394578613674833, price: 996.826, quantity: 526, buyer_order_id: 509, seller_order_id: 516
timestamp: 394578668672708, price: 1002.35, quantity: 210, buyer_order_id: 517, seller_order_id: 514
timestamp: 394578668681000, price: 1003.48, quantity: 70, buyer_order_id: 517, seller_order_id: 488
timestamp: 394579142717291, price: 998.256, quantity: 735, buyer_order_id: 526, seller_order_id: 520
timestamp: 394579249925333, price: 998.256, quantity: 236, buyer_order_id: 528, seller_order_id: 520
timestamp: 394579249935375, price: 999.795, quantity: 75, buyer_order_id: 528, seller_order_id: 522
timestamp: 394579249937708, price: 1001.63, quantity: 396, buyer_order_id: 528, seller_order_id: 527
timestamp: 394579249940166, price: 1003.48, quantity: 56, buyer_order_id: 528, seller_order_id: 488
timestamp: 394579464303875, price: 1000.32, quantity: 251, buyer_order_id: 529, seller_order_id: 532
timestamp: 394579464314000, price: 999.013, quantity: 116, buyer_order_id: 530, seller_order_id: 532
timestamp: 394579464316166, price: 993.396, quantity: 157, buyer_order_id: 531, seller_order_id: 532
timestamp: 394579569845750, price: 1003.48, quantity: 17, buyer_order_id: 534, seller_order_id: 488
timestamp: 394579569855833, price: 1003.92, quantity: 28, buyer_order_id: 534, seller_order_id: 523
timestamp: 394579569859000, price: 1004.15, quantity: 217, buyer_order_id: 534, seller_order_id: 498
timestamp: 394579777341500, price: 992.86, quantity: 122, buyer_order_id: 537, seller_order_id: 538
timestamp: 394579884718750, price: 993.849, quantity: 168, buyer_order_id: 540, seller_order_id: 536
timestamp: 394579988488416, price: 993.849, quantity: 641, buyer_order_id: 542, seller_order_id: 536
timestamp: 394579988494166, price: 1002.69, quantity: 207, buyer_order_id: 542, seller_order_id: 541
timestamp: 394579988496125, price: 1004.15, quantity: 59, buyer_order_id: 542, seller_order_id: 498
timestamp: 394580097644833, price: 994.216, quantity: 371, buyer_order_id: 543, seller_order_id: 544
timestamp: 394580206695541, price: 998.011, quantity: 102, buyer_order_id: 546, seller_order_id: 545
timestamp: 394580206705250, price: 1004.15, quantity: 330, buyer_order_id: 546, seller_order_id: 498
timestamp: 394580206707583, price: 1004.81, quantity: 206, buyer_order_id: 546, seller_order_id: 486
timestamp: 394580473736833, price: 1001.85, quantity: 586, buyer_order_id: 550, seller_order_id: 551
timestamp: 394580579589166, price: 1001.85, quantity: 33, buyer_order_id: 550, seller_order_id: 553
timestamp: 394580633775125, price: 1001.85, quantity: 83, buyer_order_id: 550, seller_order_id: 554
timestamp: 394580688445541, price: 1004.74, quantity: 800, buyer_order_id: 555, seller_order_id: 549
timestamp: 394580741653875, price: 1001.85, quantity: 257, buyer_order_id: 550, seller_order_id: 556
timestamp: 394580796606625, price: 999.259, quantity: 534, buyer_order_id: 547, seller_order_id: 557
timestamp: 394580851039791, price: 1000.76, quantity: 359, buyer_order_id: 558, seller_order_id: 556
timestamp: 394580901687083, price: 1000.76, quantity: 169, buyer_order_id: 559, seller_order_id: 556
timestamp: 394580901691791, price: 1004.74, quantity: 9, buyer_order_id: 559, seller_order_id: 549
timestamp: 394580901694083, price: 1004.81, quantity: 593, buyer_order_id: 559, seller_order_id: 486
timestamp: 394580901696500, price: 1005.57, quantity: 3, buyer_order_id: 559, seller_order_id: 492
timestamp: 394580901697916, price: 1006.13, quantity: 35, buyer_order_id: 559, seller_order_id: 490
timestamp: 394580901700541, price: 1006.98, quantity: 171, buyer_order_id: 559, seller_order_id: 519
timestamp: 394581006442250, price: 1006.98, quantity: 195, buyer_order_id: 561, seller_order_id: 519
timestamp: 394581006452250, price: 1008.28, quantity: 172, buyer_order_id: 561, seller_order_id: 500
timestamp: 394581058849583, price: 1008.52, quantity: 4, buyer_order_id: 561, seller_order_id: 562
timestamp: 394581058861875, price: 1004.66, quantity: 308, buyer_order_id: 560, seller_order_id: 562
timestamp: 394581163451125, price: 1004.66, quantity: 211, buyer_order_id: 560, seller_order_id: 564
timestamp: 394581163457083, price: 999.259, quantity: 62, buyer_order_id: 547, seller_order_id: 564
timestamp: 394581218661083, price: 999.259, quantity: 86, buyer_order_id: 547, seller_order_id: 565
timestamp: 394581218672708, price: 998.301, quantity: 71, buyer_order_id: 552, seller_order_id: 565
timestamp: 394581218676541, price: 993.501, quantity: 48, buyer_order_id: 548, seller_order_id: 565
timestamp: 394581326823291, price: 1006.5, quantity: 396, buyer_order_id: 567, seller_order_id: 563
timestamp: 394581326834333, price: 1014.67, quantity: 230, buyer_order_id: 567, seller_order_id: 495
timestamp: 394581381128708, price: 1003.56, quantity: 302, buyer_order_id: 566, seller_order_id: 568
timestamp: 394581488570500, price: 1003.56, quantity: 353, buyer_order_id: 566, seller_order_id: 570
timestamp: 394581488574833, price: 1001.09, quantity: 12, buyer_order_id: 569, seller_order_id: 570
timestamp: 394581488575791, price: 993.501, quantity: 350, buyer_order_id: 548, seller_order_id: 570
timestamp: 394581543735625, price: 1014.67, quantity: 392, buyer_order_id: 571, seller_order_id: 495
timestamp: 394581806311041, price: 1001.86, quantity: 528, buyer_order_id: 575, seller_order_id: 576
timestamp: 394581806319333, price: 1001.85, quantity: 261, buyer_order_id: 573, seller_order_id: 576
timestamp: 394581861556083, price: 1001.85, quantity: 113, buyer_order_id: 573, seller_order_id: 577
timestamp: 394581965077500, price: 1000.11, quantity: 708, buyer_order_id: 579, seller_order_id: 577
timestamp: 394581965088208, price: 1014.67, quantity: 130, buyer_order_id: 579, seller_order_id: 495
timestamp: 394582071901916, price: 999.573, quantity: 534, buyer_order_id: 574, seller_order_id: 581
timestamp: 394582071909208, price: 996.293, quantity: 93, buyer_order_id: 578, seller_order_id: 581
timestamp: 394582071912291, price: 994.782, quantity: 246, buyer_order_id: 572, seller_order_id: 581
timestamp: 394582122736416, price: 999.666, quantity: 328, buyer_order_id: 582, seller_order_id: 580
timestamp: 394582177260041, price: 999.666, quantity: 353, buyer_order_id: 583, seller_order_id: 580
timestamp: 394582392248625, price: 999.666, quantity: 265, buyer_order_id: 587, seller_order_id: 580
timestamp: 394582392261416, price: 1003.56, quantity: 591, buyer_order_id: 587, seller_order_id: 585
timestamp: 394582444651750, price: 999.241, quantity: 149, buyer_order_id: 584, seller_order_id: 588
timestamp: 394582444662500, price: 994.782, quantity: 513, buyer_order_id: 572, seller_order_id: 588
timestamp: 394582499489666, price: 994.782, quantity: 56, buyer_order_id: 572, seller_order_id: 589
